# JRE version: OpenJDK Runtime Environment (11.0.8+10) (build 11.0.8+10-b944.6842174)
# Java VM: OpenJDK 64-Bit Server VM (11.0.8+10-b944.6842174, mixed mode, tiered, compressed oops, g1 gc, windows-amd64)
Heap:
 garbage-first heap   total 253952K, used 21033K [0x0000000709600000, 0x0000000800000000)
  region size 1024K, 14 young (14336K), 2 survivors (2048K)
 Metaspace       used 16009K, capacity 16339K, committed 16640K, reserved 1064960K
  class space    used 1806K, capacity 1940K, committed 2048K, reserved 1048576K
GC Heap History (6 events):
Event: 38.581 GC heap before
{Heap before GC invocations=0 (full 0):
 garbage-first heap   total 253952K, used 19456K [0x0000000709600000, 0x0000000800000000)
  region size 1024K, 14 young (14336K), 0 survivors (0K)
 Metaspace       used 8226K, capacity 8407K, committed 8576K, reserved 1056768K
  class space    used 754K, capacity 820K, committed 896K, reserved 1048576K
}
Event: 38.587 GC heap after
{Heap after GC invocations=1 (full 0):
 garbage-first heap   total 253952K, used 8323K [0x0000000709600000, 0x0000000800000000)
  region size 1024K, 2 young (2048K), 2 survivors (2048K)
 Metaspace       used 8226K, capacity 8407K, committed 8576K, reserved 1056768K
  class space    used 754K, capacity 820K, committed 896K, reserved 1048576K
}
Event: 45.163 GC heap before
{Heap before GC invocations=1 (full 0):
 garbage-first heap   total 253952K, used 20611K [0x0000000709600000, 0x0000000800000000)
  region size 1024K, 14 young (14336K), 2 survivors (2048K)
 Metaspace       used 11638K, capacity 11882K, committed 12160K, reserved 1060864K
  class space    used 1286K, capacity 1365K, committed 1408K, reserved 1048576K
}
Event: 45.168 GC heap after
{Heap after GC invocations=2 (full 0):
 garbage-first heap   total 253952K, used 8961K [0x0000000709600000, 0x0000000800000000)
  region size 1024K, 1 young (1024K), 1 survivors (1024K)
 Metaspace       used 11638K, capacity 11882K, committed 12160K, reserved 1060864K
  class space    used 1286K, capacity 1365K, committed 1408K, reserved 1048576K
}
Event: 154.869 GC heap before
{Heap before GC invocations=2 (full 0):
 garbage-first heap   total 253952K, used 43777K [0x0000000709600000, 0x0000000800000000)
  region size 1024K, 35 young (35840K), 1 survivors (1024K)
 Metaspace       used 15919K, capacity 16176K, committed 16256K, reserved 1062912K
  class space    used 1794K, capacity 1907K, committed 1920K, reserved 1048576K
}
Event: 154.874 GC heap after
{Heap after GC invocations=3 (full 0):
 garbage-first heap   total 253952K, used 9769K [0x0000000709600000, 0x0000000800000000)
  region size 1024K, 2 young (2048K), 2 survivors (2048K)
 Metaspace       used 15919K, capacity 16176K, committed 16256K, reserved 1062912K
  class space    used 1794K, capacity 1907K, committed 1920K, reserved 1048576K
}

